cron job executed at Fri May 29 09:49:48 PM IST 2026
cron job executed at Fri May 29 09:52:01 PM IST 2026
cron job executed at Fri May 29 09:53:01 PM IST 2026
cron job executed at Fri May 29 09:54:01 PM IST 2026
cron job executed at Fri May 29 09:55:01 PM IST 2026
cron job executed at Fri May 29 09:56:01 PM IST 2026
cron job executed at Fri May 29 09:57:01 PM IST 2026
cron job executed at Fri May 29 09:58:01 PM IST 2026
cron job executed at Fri May 29 09:59:01 PM IST 2026
cron job executed at Sat May 30 08:26:01 AM IST 2026
cron job executed at Sat May 30 08:26:46 AM IST 2026
cron job executed at Sat May 30 08:27:01 AM IST 2026
cron job executed at Sat May 30 08:28:01 AM IST 2026
cron job executed at Sat May 30 08:29:01 AM IST 2026
cron job executed at Sat May 30 08:30:01 AM IST 2026
cron job executed at Sat May 30 08:31:01 AM IST 2026
cron job executed at Sat May 30 08:32:01 AM IST 2026
cron job executed at Sat May 30 08:33:01 AM IST 2026
cron job executed at Sat May 30 08:34:01 AM IST 2026
cron job executed at Sat May 30 08:35:01 AM IST 2026
cron job executed at Sat May 30 08:36:01 AM IST 2026
cron job executed at Sat May 30 08:37:01 AM IST 2026
cron job executed at Sat May 30 08:38:01 AM IST 2026
cron job executed at Sat May 30 08:39:01 AM IST 2026
cron job executed at Sat May 30 08:40:01 AM IST 2026
cron job executed at Sat May 30 08:41:01 AM IST 2026
cron job executed at Sat May 30 08:42:01 AM IST 2026
cron job executed at Sat May 30 08:43:01 AM IST 2026
cron job executed at Sat May 30 08:44:01 AM IST 2026
cron job executed at Sat May 30 08:45:01 AM IST 2026
cron job executed at Sat May 30 08:46:02 AM IST 2026
cron job executed at Sat May 30 08:47:01 AM IST 2026
cron job executed at Sat May 30 08:48:01 AM IST 2026
cron job executed at Sat May 30 08:49:01 AM IST 2026
cron job executed at Sat May 30 08:50:01 AM IST 2026
cron job executed at Sat May 30 08:51:01 AM IST 2026
cron job executed at Sat May 30 08:52:01 AM IST 2026
cron job executed at Sat May 30 08:53:01 AM IST 2026
cron job executed at Sat May 30 08:54:01 AM IST 2026
cron job executed at Sat May 30 08:55:01 AM IST 2026
cron job executed at Sat May 30 08:56:01 AM IST 2026
cron job executed at Sat May 30 08:57:01 AM IST 2026
cron job executed at Sat May 30 02:25:01 PM IST 2026
cron job executed at Sat May 30 02:26:01 PM IST 2026
cron job executed at Sat May 30 02:27:01 PM IST 2026
cron job executed at Sat May 30 02:28:01 PM IST 2026
cron job executed at Sat May 30 02:29:01 PM IST 2026
cron job executed at Sat May 30 02:30:01 PM IST 2026
cron job executed at Sat May 30 02:31:01 PM IST 2026
cron job executed at Sat May 30 02:32:01 PM IST 2026
cron job executed at Sat May 30 02:33:01 PM IST 2026
cron job executed at Sat May 30 02:34:01 PM IST 2026
cron job executed at Sat May 30 02:35:01 PM IST 2026
cron job executed at Sat May 30 02:36:01 PM IST 2026
cron job executed at Sat May 30 02:37:01 PM IST 2026
cron job executed at Sat May 30 02:38:01 PM IST 2026
cron job executed at Sat May 30 02:39:01 PM IST 2026
cron job executed at Sat May 30 02:40:01 PM IST 2026
cron job executed at Sat May 30 02:41:01 PM IST 2026
cron job executed at Sat May 30 02:42:01 PM IST 2026
cron job executed at Sat May 30 02:43:01 PM IST 2026
cron job executed at Sat May 30 02:44:01 PM IST 2026
cron job executed at Sat May 30 02:45:01 PM IST 2026
cron job executed at Sat May 30 02:46:01 PM IST 2026
cron job executed at Sat May 30 02:47:01 PM IST 2026
cron job executed at Sat May 30 02:48:01 PM IST 2026
cron job executed at Sat May 30 02:49:01 PM IST 2026
cron job executed at Sat May 30 02:50:01 PM IST 2026
cron job executed at Sat May 30 02:51:01 PM IST 2026
cron job executed at Sat May 30 02:52:01 PM IST 2026
cron job executed at Sat May 30 02:53:01 PM IST 2026
cron job executed at Sat May 30 02:54:01 PM IST 2026
cron job executed at Sat May 30 02:55:01 PM IST 2026
cron job executed at Sat May 30 02:56:01 PM IST 2026
cron job executed at Sat May 30 02:57:01 PM IST 2026
cron job executed at Sat May 30 02:58:01 PM IST 2026
cron job executed at Sat May 30 02:59:01 PM IST 2026
cron job executed at Sat May 30 03:00:02 PM IST 2026
cron job executed at Sat May 30 03:01:01 PM IST 2026
cron job executed at Sat May 30 03:02:01 PM IST 2026
cron job executed at Sat May 30 03:03:01 PM IST 2026
cron job executed at Sat May 30 03:04:01 PM IST 2026
cron job executed at Sat May 30 03:05:01 PM IST 2026
cron job executed at Sat May 30 03:06:01 PM IST 2026
cron job executed at Sat May 30 03:07:01 PM IST 2026
cron job executed at Sat May 30 03:08:01 PM IST 2026
cron job executed at Sat May 30 03:09:01 PM IST 2026
cron job executed at Sat May 30 03:10:01 PM IST 2026
cron job executed at Sat May 30 03:11:01 PM IST 2026
cron job executed at Sat May 30 03:12:01 PM IST 2026
cron job executed at Sat May 30 03:13:01 PM IST 2026
cron job executed at Sat May 30 03:14:01 PM IST 2026
cron job executed at Sat May 30 03:15:01 PM IST 2026
cron job executed at Sat May 30 03:16:01 PM IST 2026
cron job executed at Sat May 30 03:17:01 PM IST 2026
cron job executed at Sat May 30 03:18:01 PM IST 2026
cron job executed at Sat May 30 03:19:01 PM IST 2026
cron job executed at Sat May 30 03:20:01 PM IST 2026
cron job executed at Sat May 30 03:42:25 PM IST 2026
cron job executed at Sat May 30 03:43:01 PM IST 2026
cron job executed at Sat May 30 03:44:01 PM IST 2026
cron job executed at Sat May 30 03:45:01 PM IST 2026
cron job executed at Sat May 30 03:46:01 PM IST 2026
cron job executed at Sat May 30 03:47:01 PM IST 2026
cron job executed at Sat May 30 03:48:01 PM IST 2026
cron job executed at Sat May 30 03:49:01 PM IST 2026
cron job executed at Sat May 30 03:50:01 PM IST 2026
cron job executed at Sat May 30 03:51:01 PM IST 2026
cron job executed at Sat May 30 03:52:01 PM IST 2026
cron job executed at Sat May 30 03:53:01 PM IST 2026
cron job executed at Sat May 30 03:54:01 PM IST 2026
cron job executed at Sat May 30 03:55:01 PM IST 2026
cron job executed at Sat May 30 03:56:01 PM IST 2026
cron job executed at Sat May 30 03:57:01 PM IST 2026
cron job executed at Sat May 30 03:58:01 PM IST 2026
cron job executed at Sat May 30 03:59:01 PM IST 2026
cron job executed at Sat May 30 04:00:01 PM IST 2026
cron job executed at Sat May 30 04:01:01 PM IST 2026
cron job executed at Sat May 30 04:02:01 PM IST 2026
cron job executed at Sat May 30 04:03:01 PM IST 2026
cron job executed at Sat May 30 04:04:01 PM IST 2026
cron job executed at Sat May 30 04:05:01 PM IST 2026
cron job executed at Sat May 30 04:06:01 PM IST 2026
cron job executed at Sat May 30 04:07:01 PM IST 2026
cron job executed at Sat May 30 04:08:01 PM IST 2026
cron job executed at Sat May 30 04:09:01 PM IST 2026
cron job executed at Sat May 30 04:10:01 PM IST 2026
cron job executed at Sat May 30 04:11:01 PM IST 2026
cron job executed at Sat May 30 04:12:01 PM IST 2026
cron job executed at Sat May 30 04:13:02 PM IST 2026
cron job executed at Sat May 30 04:14:01 PM IST 2026
cron job executed at Sat May 30 04:15:01 PM IST 2026
cron job executed at Sat May 30 04:16:01 PM IST 2026
cron job executed at Sat May 30 04:17:01 PM IST 2026
cron job executed at Sat May 30 04:18:01 PM IST 2026
cron job executed at Sat May 30 04:19:01 PM IST 2026
cron job executed at Sat May 30 04:20:01 PM IST 2026
cron job executed at Sat May 30 04:21:01 PM IST 2026
cron job executed at Sat May 30 04:22:01 PM IST 2026
cron job executed at Sat May 30 04:23:01 PM IST 2026
cron job executed at Sat May 30 04:24:01 PM IST 2026
cron job executed at Sat May 30 04:25:01 PM IST 2026
cron job executed at Sat May 30 04:26:01 PM IST 2026
cron job executed at Sat May 30 04:27:01 PM IST 2026
cron job executed at Sat May 30 04:28:01 PM IST 2026
cron job executed at Sat May 30 04:29:01 PM IST 2026
cron job executed at Sat May 30 04:30:01 PM IST 2026
cron job executed at Sat May 30 04:31:01 PM IST 2026
cron job executed at Sat May 30 04:32:01 PM IST 2026
cron job executed at Sat May 30 04:33:01 PM IST 2026
cron job executed at Sat May 30 04:34:01 PM IST 2026
cron job executed at Sat May 30 04:35:01 PM IST 2026
cron job executed at Sat May 30 04:36:01 PM IST 2026
cron job executed at Sat May 30 04:37:01 PM IST 2026
cron job executed at Sat May 30 04:38:01 PM IST 2026
cron job executed at Sat May 30 04:39:01 PM IST 2026
cron job executed at Sat May 30 04:40:01 PM IST 2026
cron job executed at Sat May 30 04:41:01 PM IST 2026
cron job executed at Sat May 30 04:42:01 PM IST 2026
cron job executed at Sat May 30 04:43:01 PM IST 2026
cron job executed at Sat May 30 04:44:01 PM IST 2026
cron job executed at Sat May 30 04:45:01 PM IST 2026
cron job executed at Sat May 30 04:46:01 PM IST 2026
cron job executed at Sat May 30 04:47:01 PM IST 2026
cron job executed at Sat May 30 04:48:01 PM IST 2026
cron job executed at Sat May 30 04:49:01 PM IST 2026
cron job executed at Sat May 30 04:50:01 PM IST 2026
cron job executed at Sat May 30 04:51:01 PM IST 2026
cron job executed at Sat May 30 04:52:01 PM IST 2026
cron job executed at Sat May 30 04:53:01 PM IST 2026
cron job executed at Sat May 30 04:54:01 PM IST 2026
cron job executed at Sat May 30 04:55:01 PM IST 2026
cron job executed at Sat May 30 04:56:01 PM IST 2026
cron job executed at Sat May 30 04:57:01 PM IST 2026
cron job executed at Sat May 30 04:58:01 PM IST 2026
cron job executed at Sat May 30 04:59:01 PM IST 2026
cron job executed at Sat May 30 05:00:01 PM IST 2026
cron job executed at Sat May 30 05:01:01 PM IST 2026
cron job executed at Sat May 30 05:02:01 PM IST 2026
cron job executed at Sat May 30 05:03:01 PM IST 2026
cron job executed at Sat May 30 05:04:01 PM IST 2026
cron job executed at Sat May 30 05:05:02 PM IST 2026
cron job executed at Sat May 30 05:06:01 PM IST 2026
cron job executed at Sat May 30 05:07:01 PM IST 2026
cron job executed at Sat May 30 05:08:01 PM IST 2026
cron job executed at Sat May 30 05:09:01 PM IST 2026
cron job executed at Sat May 30 05:10:02 PM IST 2026
cron job executed at Sat May 30 05:11:01 PM IST 2026
cron job executed at Sat May 30 05:12:01 PM IST 2026
cron job executed at Sat May 30 05:13:01 PM IST 2026
cron job executed at Sat May 30 05:14:01 PM IST 2026
cron job executed at Sat May 30 05:15:01 PM IST 2026
cron job executed at Sat May 30 05:16:01 PM IST 2026
cron job executed at Sat May 30 05:17:01 PM IST 2026
cron job executed at Sat May 30 05:18:01 PM IST 2026
cron job executed at Sat May 30 05:19:01 PM IST 2026
cron job executed at Sat May 30 05:20:01 PM IST 2026
cron job executed at Sat May 30 05:21:01 PM IST 2026
cron job executed at Sat May 30 05:22:01 PM IST 2026
cron job executed at Sat May 30 05:23:01 PM IST 2026
cron job executed at Sat May 30 05:24:01 PM IST 2026
cron job executed at Sat May 30 05:25:01 PM IST 2026
cron job executed at Sat May 30 05:26:01 PM IST 2026
cron job executed at Sat May 30 05:27:01 PM IST 2026
cron job executed at Sat May 30 05:28:01 PM IST 2026
cron job executed at Sat May 30 05:29:01 PM IST 2026
cron job executed at Sat May 30 05:30:01 PM IST 2026
cron job executed at Sat May 30 05:31:01 PM IST 2026
cron job executed at Sat May 30 05:32:01 PM IST 2026
cron job executed at Sat May 30 05:33:01 PM IST 2026
cron job executed at Sat May 30 05:34:01 PM IST 2026
cron job executed at Sat May 30 05:35:01 PM IST 2026
cron job executed at Sat May 30 05:36:01 PM IST 2026
cron job executed at Sat May 30 05:37:01 PM IST 2026
cron job executed at Sat May 30 05:38:01 PM IST 2026
cron job executed at Sat May 30 05:39:01 PM IST 2026
cron job executed at Sat May 30 05:40:01 PM IST 2026
cron job executed at Sat May 30 05:41:01 PM IST 2026
cron job executed at Sat May 30 05:42:01 PM IST 2026
cron job executed at Sat May 30 05:43:01 PM IST 2026
cron job executed at Sat May 30 05:44:01 PM IST 2026
cron job executed at Sat May 30 05:45:01 PM IST 2026
cron job executed at Sat May 30 05:46:01 PM IST 2026
cron job executed at Sat May 30 05:47:01 PM IST 2026
cron job executed at Sat May 30 05:48:01 PM IST 2026
cron job executed at Sat May 30 05:49:01 PM IST 2026
cron job executed at Sat May 30 05:50:01 PM IST 2026
cron job executed at Sat May 30 05:51:01 PM IST 2026
cron job executed at Sat May 30 05:52:01 PM IST 2026
cron job executed at Sat May 30 05:53:01 PM IST 2026
cron job executed at Sat May 30 05:54:01 PM IST 2026
cron job executed at Sat May 30 05:55:01 PM IST 2026
cron job executed at Sat May 30 05:56:01 PM IST 2026
cron job executed at Sat May 30 05:57:01 PM IST 2026
cron job executed at Sat May 30 05:58:01 PM IST 2026
cron job executed at Sat May 30 05:59:01 PM IST 2026
cron job executed at Sat May 30 06:00:01 PM IST 2026
cron job executed at Sat May 30 06:01:01 PM IST 2026
cron job executed at Sat May 30 06:02:02 PM IST 2026
cron job executed at Sat May 30 06:03:01 PM IST 2026
cron job executed at Sat May 30 06:04:01 PM IST 2026
cron job executed at Sat May 30 06:05:01 PM IST 2026
cron job executed at Sat May 30 06:06:01 PM IST 2026
cron job executed at Sat May 30 06:07:01 PM IST 2026
cron job executed at Sat May 30 06:08:01 PM IST 2026
cron job executed at Sat May 30 06:09:01 PM IST 2026
cron job executed at Sat May 30 06:10:01 PM IST 2026
cron job executed at Sat May 30 06:11:01 PM IST 2026
cron job executed at Sat May 30 06:12:01 PM IST 2026
cron job executed at Sat May 30 06:13:01 PM IST 2026
cron job executed at Sat May 30 06:14:01 PM IST 2026
cron job executed at Sat May 30 06:15:01 PM IST 2026
cron job executed at Sat May 30 06:16:01 PM IST 2026
cron job executed at Sat May 30 06:17:01 PM IST 2026
cron job executed at Sat May 30 06:18:01 PM IST 2026
cron job executed at Sat May 30 06:19:01 PM IST 2026
cron job executed at Sat May 30 06:20:01 PM IST 2026
cron job executed at Sat May 30 06:21:01 PM IST 2026
cron job executed at Sat May 30 06:22:01 PM IST 2026
cron job executed at Sat May 30 06:23:01 PM IST 2026
cron job executed at Sat May 30 06:24:01 PM IST 2026
cron job executed at Sat May 30 06:25:01 PM IST 2026
cron job executed at Sat May 30 06:26:01 PM IST 2026
cron job executed at Sat May 30 06:27:01 PM IST 2026
cron job executed at Sat May 30 06:28:01 PM IST 2026
cron job executed at Sat May 30 06:29:01 PM IST 2026
cron job executed at Sat May 30 06:30:01 PM IST 2026
cron job executed at Sat May 30 06:31:01 PM IST 2026
cron job executed at Sat May 30 06:32:01 PM IST 2026
cron job executed at Sat May 30 06:33:01 PM IST 2026
cron job executed at Sat May 30 06:34:01 PM IST 2026
cron job executed at Sat May 30 06:35:01 PM IST 2026
cron job executed at Sat May 30 06:36:01 PM IST 2026
cron job executed at Sat May 30 06:37:01 PM IST 2026
cron job executed at Sat May 30 06:38:01 PM IST 2026
cron job executed at Sat May 30 06:39:01 PM IST 2026
cron job executed at Sat May 30 06:40:01 PM IST 2026
cron job executed at Sat May 30 06:41:01 PM IST 2026
cron job executed at Sat May 30 06:42:01 PM IST 2026
cron job executed at Sat May 30 06:43:01 PM IST 2026
cron job executed at Sat May 30 06:44:01 PM IST 2026
cron job executed at Sat May 30 06:45:01 PM IST 2026
cron job executed at Sat May 30 06:46:01 PM IST 2026
cron job executed at Sat May 30 10:05:15 PM IST 2026
cron job executed at Sat May 30 10:22:09 PM IST 2026
cron job executed at Sat May 30 10:23:01 PM IST 2026
cron job executed at Sat May 30 10:24:01 PM IST 2026
cron job executed at Sun May 31 09:07:01 AM IST 2026
cron job executed at Sun May 31 09:08:01 AM IST 2026
cron job executed at Sun May 31 09:09:02 AM IST 2026
cron job executed at Sun May 31 09:10:01 AM IST 2026
cron job executed at Sun May 31 09:11:01 AM IST 2026
cron job executed at Sun May 31 09:12:01 AM IST 2026
cron job executed at Sun May 31 09:13:01 AM IST 2026
cron job executed at Sun May 31 09:14:01 AM IST 2026
cron job executed at Sun May 31 09:15:01 AM IST 2026
cron job executed at Sun May 31 09:16:01 AM IST 2026
cron job executed at Sun May 31 09:17:01 AM IST 2026
cron job executed at Sun May 31 09:18:01 AM IST 2026
cron job executed at Sun May 31 09:19:01 AM IST 2026
cron job executed at Sun May 31 09:20:01 AM IST 2026
cron job executed at Sun May 31 09:21:01 AM IST 2026
cron job executed at Sun May 31 09:22:01 AM IST 2026
cron job executed at Sun May 31 09:23:01 AM IST 2026
cron job executed at Sun May 31 09:24:01 AM IST 2026
cron job executed at Sun May 31 09:25:02 AM IST 2026
cron job executed at Sun May 31 09:26:01 AM IST 2026
cron job executed at Sun May 31 09:27:01 AM IST 2026
cron job executed at Sun May 31 09:28:01 AM IST 2026
cron job executed at Sun May 31 09:29:01 AM IST 2026
cron job executed at Sun May 31 09:30:01 AM IST 2026
cron job executed at Sun May 31 09:31:01 AM IST 2026
cron job executed at Sun May 31 09:32:01 AM IST 2026
cron job executed at Sun May 31 09:33:01 AM IST 2026
cron job executed at Sun May 31 09:34:01 AM IST 2026
cron job executed at Sun May 31 09:35:01 AM IST 2026
cron job executed at Sun May 31 09:36:01 AM IST 2026
cron job executed at Sun May 31 09:37:01 AM IST 2026
cron job executed at Sun May 31 09:38:01 AM IST 2026
cron job executed at Sun May 31 09:39:01 AM IST 2026
cron job executed at Sun May 31 09:40:01 AM IST 2026
cron job executed at Sun May 31 09:41:01 AM IST 2026
cron job executed at Sun May 31 09:42:01 AM IST 2026
cron job executed at Sun May 31 09:43:01 AM IST 2026
cron job executed at Sun May 31 09:44:01 AM IST 2026
cron job executed at Sun May 31 09:45:01 AM IST 2026
cron job executed at Sun May 31 09:46:01 AM IST 2026
cron job executed at Sun May 31 09:47:01 AM IST 2026
cron job executed at Sun May 31 09:48:01 AM IST 2026
cron job executed at Sun May 31 09:49:01 AM IST 2026
cron job executed at Sun May 31 09:50:01 AM IST 2026
cron job executed at Sun May 31 09:51:01 AM IST 2026
cron job executed at Sun May 31 09:52:01 AM IST 2026
cron job executed at Sun May 31 10:08:53 AM IST 2026
cron job executed at Sun May 31 10:09:01 AM IST 2026
cron job executed at Sun May 31 10:10:01 AM IST 2026
cron job executed at Sun May 31 10:11:01 AM IST 2026
cron job executed at Sun May 31 10:12:01 AM IST 2026
cron job executed at Sun May 31 10:13:01 AM IST 2026
cron job executed at Sun May 31 10:14:01 AM IST 2026
cron job executed at Sun May 31 10:15:01 AM IST 2026
cron job executed at Sun May 31 10:16:01 AM IST 2026
cron job executed at Sun May 31 10:17:01 AM IST 2026
cron job executed at Sun May 31 10:18:01 AM IST 2026
cron job executed at Sun May 31 10:19:01 AM IST 2026
cron job executed at Sun May 31 10:20:01 AM IST 2026
cron job executed at Sun May 31 10:21:01 AM IST 2026
cron job executed at Sun May 31 10:22:01 AM IST 2026
cron job executed at Sun May 31 10:23:01 AM IST 2026
cron job executed at Sun May 31 10:24:01 AM IST 2026
cron job executed at Sun May 31 10:25:01 AM IST 2026
cron job executed at Sun May 31 10:26:01 AM IST 2026
cron job executed at Sun May 31 10:27:01 AM IST 2026
cron job executed at Sun May 31 10:28:01 AM IST 2026
cron job executed at Sun May 31 10:29:01 AM IST 2026
cron job executed at Sun May 31 10:30:02 AM IST 2026
cron job executed at Sun May 31 10:31:01 AM IST 2026
cron job executed at Sun May 31 10:32:01 AM IST 2026
cron job executed at Sun May 31 10:33:01 AM IST 2026
cron job executed at Sun May 31 10:34:01 AM IST 2026
cron job executed at Sun May 31 10:35:01 AM IST 2026
cron job executed at Sun May 31 10:36:01 AM IST 2026
cron job executed at Sun May 31 10:37:01 AM IST 2026
cron job executed at Sun May 31 10:38:01 AM IST 2026
cron job executed at Sun May 31 10:39:01 AM IST 2026
cron job executed at Sun May 31 10:40:01 AM IST 2026
cron job executed at Sun May 31 10:41:01 AM IST 2026
cron job executed at Sun May 31 10:42:01 AM IST 2026
cron job executed at Sun May 31 10:43:01 AM IST 2026
cron job executed at Sun May 31 10:44:01 AM IST 2026
cron job executed at Sun May 31 10:45:01 AM IST 2026
cron job executed at Sun May 31 10:46:01 AM IST 2026
cron job executed at Sun May 31 10:47:01 AM IST 2026
cron job executed at Sun May 31 10:48:01 AM IST 2026
cron job executed at Sun May 31 10:49:01 AM IST 2026
cron job executed at Sun May 31 10:50:01 AM IST 2026
cron job executed at Sun May 31 10:51:01 AM IST 2026
cron job executed at Sun May 31 10:52:01 AM IST 2026
cron job executed at Sun May 31 10:53:01 AM IST 2026
cron job executed at Sun May 31 10:54:01 AM IST 2026
cron job executed at Sun May 31 10:55:01 AM IST 2026
cron job executed at Sun May 31 10:56:01 AM IST 2026
cron job executed at Sun May 31 10:57:01 AM IST 2026
cron job executed at Sun May 31 10:58:01 AM IST 2026
cron job executed at Sun May 31 10:59:01 AM IST 2026
cron job executed at Sun May 31 11:00:01 AM IST 2026
cron job executed at Sun May 31 11:01:01 AM IST 2026
cron job executed at Sun May 31 11:02:01 AM IST 2026
cron job executed at Sun May 31 11:03:01 AM IST 2026
cron job executed at Sun May 31 11:04:01 AM IST 2026
cron job executed at Sun May 31 11:05:01 AM IST 2026
cron job executed at Sun May 31 11:06:01 AM IST 2026
cron job executed at Sun May 31 11:07:01 AM IST 2026
cron job executed at Sun May 31 11:08:01 AM IST 2026
cron job executed at Sun May 31 11:09:01 AM IST 2026
cron job executed at Sun May 31 11:10:01 AM IST 2026
cron job executed at Sun May 31 11:11:01 AM IST 2026
cron job executed at Sun May 31 11:12:01 AM IST 2026
cron job executed at Sun May 31 11:13:01 AM IST 2026
cron job executed at Sun May 31 11:14:01 AM IST 2026
cron job executed at Sun May 31 11:15:01 AM IST 2026
cron job executed at Sun May 31 11:16:01 AM IST 2026
cron job executed at Sun May 31 11:17:01 AM IST 2026
cron job executed at Sun May 31 11:18:01 AM IST 2026
cron job executed at Sun May 31 11:19:01 AM IST 2026
cron job executed at Sun May 31 11:20:01 AM IST 2026
cron job executed at Sun May 31 11:21:01 AM IST 2026
cron job executed at Sun May 31 11:22:01 AM IST 2026
cron job executed at Sun May 31 11:23:02 AM IST 2026
cron job executed at Sun May 31 11:24:01 AM IST 2026
cron job executed at Sun May 31 11:25:01 AM IST 2026
cron job executed at Sun May 31 11:26:01 AM IST 2026
cron job executed at Sun May 31 11:27:01 AM IST 2026
cron job executed at Sun May 31 11:28:01 AM IST 2026
cron job executed at Sun May 31 11:29:01 AM IST 2026
cron job executed at Sun May 31 11:30:01 AM IST 2026
cron job executed at Sun May 31 11:31:01 AM IST 2026
cron job executed at Sun May 31 11:32:01 AM IST 2026
cron job executed at Sun May 31 11:33:01 AM IST 2026
cron job executed at Sun May 31 11:34:01 AM IST 2026
cron job executed at Sun May 31 11:35:01 AM IST 2026
cron job executed at Sun May 31 11:36:01 AM IST 2026
cron job executed at Sun May 31 11:37:01 AM IST 2026
cron job executed at Sun May 31 11:38:01 AM IST 2026
cron job executed at Sun May 31 11:39:01 AM IST 2026
cron job executed at Sun May 31 11:40:01 AM IST 2026
cron job executed at Sun May 31 11:41:01 AM IST 2026
cron job executed at Sun May 31 11:42:01 AM IST 2026
cron job executed at Sun May 31 11:43:01 AM IST 2026
cron job executed at Sun May 31 11:44:01 AM IST 2026
cron job executed at Sun May 31 11:45:01 AM IST 2026
cron job executed at Sun May 31 11:46:01 AM IST 2026
cron job executed at Sun May 31 11:47:01 AM IST 2026
cron job executed at Sun May 31 11:48:01 AM IST 2026
cron job executed at Sun May 31 11:49:01 AM IST 2026
cron job executed at Sun May 31 11:50:01 AM IST 2026
cron job executed at Sun May 31 11:51:01 AM IST 2026
cron job executed at Sun May 31 11:52:01 AM IST 2026
cron job executed at Sun May 31 11:53:01 AM IST 2026
cron job executed at Sun May 31 11:54:01 AM IST 2026
cron job executed at Sun May 31 11:55:01 AM IST 2026
cron job executed at Sun May 31 11:56:01 AM IST 2026
cron job executed at Sun May 31 11:57:01 AM IST 2026
cron job executed at Sun May 31 11:58:01 AM IST 2026
cron job executed at Sun May 31 11:59:01 AM IST 2026
cron job executed at Sun May 31 12:00:01 PM IST 2026
cron job executed at Sun May 31 12:01:01 PM IST 2026
cron job executed at Sun May 31 12:02:01 PM IST 2026
cron job executed at Sun May 31 12:03:01 PM IST 2026
cron job executed at Sun May 31 12:04:01 PM IST 2026
cron job executed at Sun May 31 12:05:01 PM IST 2026
cron job executed at Sun May 31 12:06:01 PM IST 2026
cron job executed at Sun May 31 12:07:01 PM IST 2026
cron job executed at Sun May 31 12:08:01 PM IST 2026
cron job executed at Sun May 31 12:09:01 PM IST 2026
cron job executed at Sun May 31 12:10:01 PM IST 2026
cron job executed at Sun May 31 12:11:01 PM IST 2026
cron job executed at Sun May 31 12:12:01 PM IST 2026
cron job executed at Sun May 31 12:13:01 PM IST 2026
cron job executed at Sun May 31 12:14:01 PM IST 2026
cron job executed at Sun May 31 12:15:01 PM IST 2026
cron job executed at Sun May 31 12:16:01 PM IST 2026
cron job executed at Sun May 31 12:17:02 PM IST 2026
cron job executed at Sun May 31 12:18:01 PM IST 2026
cron job executed at Sun May 31 12:19:01 PM IST 2026
cron job executed at Sun May 31 12:20:01 PM IST 2026
cron job executed at Sun May 31 12:21:01 PM IST 2026
cron job executed at Sun May 31 12:22:01 PM IST 2026
cron job executed at Sun May 31 12:23:01 PM IST 2026
cron job executed at Sun May 31 12:24:01 PM IST 2026
cron job executed at Sun May 31 12:25:01 PM IST 2026
cron job executed at Sun May 31 12:26:01 PM IST 2026
cron job executed at Sun May 31 12:27:01 PM IST 2026
cron job executed at Sun May 31 12:28:01 PM IST 2026
cron job executed at Sun May 31 12:29:01 PM IST 2026
cron job executed at Sun May 31 12:30:01 PM IST 2026
cron job executed at Sun May 31 12:31:01 PM IST 2026
cron job executed at Sun May 31 12:32:01 PM IST 2026
cron job executed at Sun May 31 12:33:01 PM IST 2026
cron job executed at Sun May 31 12:34:01 PM IST 2026
cron job executed at Sun May 31 12:35:01 PM IST 2026
cron job executed at Sun May 31 12:36:01 PM IST 2026
cron job executed at Sun May 31 12:37:01 PM IST 2026
cron job executed at Sun May 31 12:38:01 PM IST 2026
cron job executed at Sun May 31 12:39:01 PM IST 2026
cron job executed at Sun May 31 12:40:01 PM IST 2026
cron job executed at Sun May 31 12:41:01 PM IST 2026
cron job executed at Sun May 31 12:42:01 PM IST 2026
cron job executed at Sun May 31 12:43:01 PM IST 2026
cron job executed at Sun May 31 03:11:35 PM IST 2026
cron job executed at Sun May 31 03:12:01 PM IST 2026
cron job executed at Sun May 31 03:13:01 PM IST 2026
cron job executed at Sun May 31 03:14:01 PM IST 2026
cron job executed at Sun May 31 03:15:01 PM IST 2026
cron job executed at Sun May 31 03:16:01 PM IST 2026
cron job executed at Sun May 31 03:17:01 PM IST 2026
cron job executed at Sun May 31 03:18:01 PM IST 2026
cron job executed at Sun May 31 03:19:01 PM IST 2026
cron job executed at Sun May 31 03:20:01 PM IST 2026
cron job executed at Sun May 31 03:21:01 PM IST 2026
cron job executed at Sun May 31 03:22:01 PM IST 2026
cron job executed at Sun May 31 03:23:01 PM IST 2026
cron job executed at Sun May 31 03:24:01 PM IST 2026
cron job executed at Sun May 31 03:25:01 PM IST 2026
cron job executed at Sun May 31 03:26:01 PM IST 2026
cron job executed at Sun May 31 03:27:01 PM IST 2026
cron job executed at Sun May 31 03:28:01 PM IST 2026
cron job executed at Sun May 31 03:29:01 PM IST 2026
cron job executed at Sun May 31 03:30:01 PM IST 2026
cron job executed at Sun May 31 03:31:01 PM IST 2026
cron job executed at Sun May 31 03:32:01 PM IST 2026
cron job executed at Sun May 31 03:33:01 PM IST 2026
cron job executed at Sun May 31 03:34:01 PM IST 2026
cron job executed at Sun May 31 03:35:01 PM IST 2026
cron job executed at Sun May 31 03:36:01 PM IST 2026
cron job executed at Sun May 31 03:37:01 PM IST 2026
cron job executed at Sun May 31 03:38:01 PM IST 2026
cron job executed at Sun May 31 03:39:01 PM IST 2026
cron job executed at Sun May 31 03:40:02 PM IST 2026
cron job executed at Sun May 31 03:41:01 PM IST 2026
cron job executed at Sun May 31 03:42:01 PM IST 2026
cron job executed at Sun May 31 03:43:01 PM IST 2026
cron job executed at Sun May 31 03:44:01 PM IST 2026
cron job executed at Sun May 31 03:45:01 PM IST 2026
cron job executed at Sun May 31 03:46:01 PM IST 2026
cron job executed at Sun May 31 03:47:01 PM IST 2026
cron job executed at Sun May 31 03:48:01 PM IST 2026
cron job executed at Sun May 31 03:49:01 PM IST 2026
cron job executed at Sun May 31 03:50:01 PM IST 2026
cron job executed at Sun May 31 03:51:01 PM IST 2026
cron job executed at Sun May 31 03:52:01 PM IST 2026
cron job executed at Sun May 31 03:53:01 PM IST 2026
cron job executed at Sun May 31 03:54:01 PM IST 2026
cron job executed at Sun May 31 03:55:01 PM IST 2026
cron job executed at Sun May 31 03:56:01 PM IST 2026
cron job executed at Sun May 31 03:57:01 PM IST 2026
cron job executed at Sun May 31 03:58:01 PM IST 2026
cron job executed at Sun May 31 03:59:01 PM IST 2026
cron job executed at Sun May 31 04:00:01 PM IST 2026
cron job executed at Sun May 31 04:01:01 PM IST 2026
cron job executed at Sun May 31 04:02:01 PM IST 2026
cron job executed at Sun May 31 04:03:01 PM IST 2026
cron job executed at Sun May 31 04:04:01 PM IST 2026
cron job executed at Sun May 31 04:05:01 PM IST 2026
cron job executed at Sun May 31 04:06:01 PM IST 2026
cron job executed at Sun May 31 04:07:01 PM IST 2026
cron job executed at Sun May 31 04:08:01 PM IST 2026
cron job executed at Sun May 31 04:09:01 PM IST 2026
cron job executed at Sun May 31 04:10:01 PM IST 2026
cron job executed at Sun May 31 04:11:01 PM IST 2026
cron job executed at Sun May 31 04:12:01 PM IST 2026
cron job executed at Sun May 31 04:13:01 PM IST 2026
cron job executed at Sun May 31 04:14:01 PM IST 2026
cron job executed at Sun May 31 04:15:01 PM IST 2026
cron job executed at Sun May 31 04:16:01 PM IST 2026
cron job executed at Sun May 31 04:17:01 PM IST 2026
cron job executed at Sun May 31 04:18:01 PM IST 2026
cron job executed at Sun May 31 04:19:01 PM IST 2026
cron job executed at Sun May 31 04:20:01 PM IST 2026
cron job executed at Sun May 31 04:21:01 PM IST 2026
cron job executed at Sun May 31 04:22:01 PM IST 2026
cron job executed at Sun May 31 04:23:01 PM IST 2026
cron job executed at Sun May 31 04:24:01 PM IST 2026
cron job executed at Sun May 31 04:25:01 PM IST 2026
cron job executed at Sun May 31 04:26:01 PM IST 2026
cron job executed at Sun May 31 04:27:02 PM IST 2026
cron job executed at Sun May 31 04:28:01 PM IST 2026
cron job executed at Sun May 31 04:29:01 PM IST 2026
cron job executed at Sun May 31 04:30:01 PM IST 2026
cron job executed at Sun May 31 04:31:01 PM IST 2026
cron job executed at Sun May 31 04:32:01 PM IST 2026
cron job executed at Sun May 31 04:33:01 PM IST 2026
cron job executed at Sun May 31 04:34:01 PM IST 2026
cron job executed at Sun May 31 04:35:01 PM IST 2026
cron job executed at Sun May 31 04:36:01 PM IST 2026
cron job executed at Sun May 31 04:37:01 PM IST 2026
cron job executed at Sun May 31 04:38:01 PM IST 2026
cron job executed at Sun May 31 04:39:01 PM IST 2026
cron job executed at Sun May 31 04:40:01 PM IST 2026
cron job executed at Sun May 31 04:41:01 PM IST 2026
cron job executed at Sun May 31 04:42:01 PM IST 2026
cron job executed at Sun May 31 04:43:01 PM IST 2026
cron job executed at Sun May 31 04:44:01 PM IST 2026
cron job executed at Sun May 31 04:45:01 PM IST 2026
cron job executed at Sun May 31 04:46:01 PM IST 2026
cron job executed at Sun May 31 04:47:01 PM IST 2026
cron job executed at Sun May 31 04:48:01 PM IST 2026
cron job executed at Sun May 31 04:49:01 PM IST 2026
cron job executed at Sun May 31 04:50:01 PM IST 2026
cron job executed at Sun May 31 04:51:01 PM IST 2026
cron job executed at Sun May 31 04:52:01 PM IST 2026
cron job executed at Sun May 31 04:53:01 PM IST 2026
cron job executed at Sun May 31 04:54:01 PM IST 2026
cron job executed at Sun May 31 04:55:01 PM IST 2026
cron job executed at Sun May 31 04:56:01 PM IST 2026
cron job executed at Sun May 31 04:57:01 PM IST 2026
cron job executed at Sun May 31 04:58:01 PM IST 2026
cron job executed at Sun May 31 04:59:01 PM IST 2026
cron job executed at Sun May 31 05:00:01 PM IST 2026
cron job executed at Sun May 31 05:01:01 PM IST 2026
cron job executed at Sun May 31 05:02:01 PM IST 2026
cron job executed at Sun May 31 05:03:01 PM IST 2026
cron job executed at Sun May 31 05:04:01 PM IST 2026
cron job executed at Sun May 31 05:05:01 PM IST 2026
cron job executed at Sun May 31 05:06:01 PM IST 2026
cron job executed at Sun May 31 05:07:01 PM IST 2026
cron job executed at Sun May 31 05:08:01 PM IST 2026
cron job executed at Sun May 31 05:09:01 PM IST 2026
cron job executed at Sun May 31 05:10:01 PM IST 2026
cron job executed at Sun May 31 05:11:01 PM IST 2026
cron job executed at Sun May 31 05:12:01 PM IST 2026
cron job executed at Sun May 31 05:13:02 PM IST 2026
cron job executed at Sun May 31 05:14:01 PM IST 2026
cron job executed at Sun May 31 05:15:01 PM IST 2026
cron job executed at Sun May 31 05:16:01 PM IST 2026
cron job executed at Sun May 31 05:17:01 PM IST 2026
cron job executed at Sun May 31 05:18:01 PM IST 2026
cron job executed at Sun May 31 05:19:01 PM IST 2026
cron job executed at Sun May 31 05:20:01 PM IST 2026
cron job executed at Sun May 31 05:21:01 PM IST 2026
cron job executed at Sun May 31 05:22:01 PM IST 2026
cron job executed at Sun May 31 05:23:01 PM IST 2026
cron job executed at Sun May 31 05:24:01 PM IST 2026
cron job executed at Sun May 31 05:25:01 PM IST 2026
cron job executed at Sun May 31 05:26:01 PM IST 2026
cron job executed at Sun May 31 05:27:01 PM IST 2026
cron job executed at Sun May 31 05:28:01 PM IST 2026
cron job executed at Sun May 31 05:29:01 PM IST 2026
cron job executed at Sun May 31 05:30:01 PM IST 2026
cron job executed at Sun May 31 05:31:01 PM IST 2026
cron job executed at Sun May 31 05:32:01 PM IST 2026
cron job executed at Sun May 31 05:33:01 PM IST 2026
cron job executed at Sun May 31 05:34:01 PM IST 2026
cron job executed at Sun May 31 05:35:01 PM IST 2026
cron job executed at Sun May 31 05:36:01 PM IST 2026
cron job executed at Sun May 31 05:37:01 PM IST 2026
cron job executed at Sun May 31 05:38:01 PM IST 2026
cron job executed at Sun May 31 05:39:01 PM IST 2026
cron job executed at Sun May 31 05:40:01 PM IST 2026
cron job executed at Sun May 31 05:41:01 PM IST 2026
cron job executed at Sun May 31 05:42:01 PM IST 2026
cron job executed at Sun May 31 05:43:01 PM IST 2026
cron job executed at Sun May 31 05:44:01 PM IST 2026
cron job executed at Sun May 31 05:45:01 PM IST 2026
cron job executed at Sun May 31 05:46:01 PM IST 2026
cron job executed at Sun May 31 05:47:01 PM IST 2026
cron job executed at Sun May 31 05:48:01 PM IST 2026
cron job executed at Sun May 31 05:49:01 PM IST 2026
cron job executed at Sun May 31 05:50:01 PM IST 2026
cron job executed at Sun May 31 05:51:01 PM IST 2026
cron job executed at Sun May 31 05:52:01 PM IST 2026
cron job executed at Sun May 31 05:53:01 PM IST 2026
cron job executed at Sun May 31 05:54:01 PM IST 2026
cron job executed at Sun May 31 05:55:01 PM IST 2026
cron job executed at Sun May 31 05:56:01 PM IST 2026
cron job executed at Sun May 31 05:57:01 PM IST 2026
cron job executed at Sun May 31 05:58:01 PM IST 2026
cron job executed at Sun May 31 05:59:01 PM IST 2026
cron job executed at Sun May 31 06:00:01 PM IST 2026
cron job executed at Sun May 31 06:01:01 PM IST 2026
cron job executed at Sun May 31 06:02:01 PM IST 2026
cron job executed at Sun May 31 06:03:01 PM IST 2026
cron job executed at Sun May 31 06:04:01 PM IST 2026
cron job executed at Sun May 31 06:05:01 PM IST 2026
cron job executed at Sun May 31 06:06:01 PM IST 2026
cron job executed at Sun May 31 06:07:01 PM IST 2026
cron job executed at Sun May 31 06:08:02 PM IST 2026
cron job executed at Sun May 31 06:09:01 PM IST 2026
cron job executed at Sun May 31 06:10:01 PM IST 2026
cron job executed at Sun May 31 06:11:01 PM IST 2026
cron job executed at Sun May 31 06:12:01 PM IST 2026
cron job executed at Sun May 31 06:13:01 PM IST 2026
cron job executed at Sun May 31 06:14:01 PM IST 2026
cron job executed at Sun May 31 06:15:01 PM IST 2026
cron job executed at Sun May 31 06:16:01 PM IST 2026
cron job executed at Sun May 31 06:17:01 PM IST 2026
cron job executed at Sun May 31 06:18:01 PM IST 2026
cron job executed at Sun May 31 06:19:01 PM IST 2026
cron job executed at Sun May 31 06:20:01 PM IST 2026
cron job executed at Sun May 31 06:21:01 PM IST 2026
cron job executed at Sun May 31 06:22:01 PM IST 2026
cron job executed at Sun May 31 06:23:01 PM IST 2026
cron job executed at Sun May 31 06:24:01 PM IST 2026
cron job executed at Sun May 31 06:25:01 PM IST 2026
cron job executed at Sun May 31 06:26:01 PM IST 2026
cron job executed at Sun May 31 06:27:01 PM IST 2026
cron job executed at Sun May 31 06:28:01 PM IST 2026
cron job executed at Sun May 31 06:29:01 PM IST 2026
cron job executed at Sun May 31 06:30:01 PM IST 2026
cron job executed at Sun May 31 06:31:01 PM IST 2026
cron job executed at Sun May 31 06:32:01 PM IST 2026
cron job executed at Sun May 31 06:33:01 PM IST 2026
cron job executed at Sun May 31 06:34:01 PM IST 2026
cron job executed at Sun May 31 06:35:01 PM IST 2026
cron job executed at Sun May 31 06:36:01 PM IST 2026
cron job executed at Sun May 31 06:37:01 PM IST 2026
cron job executed at Sun May 31 06:38:01 PM IST 2026
cron job executed at Sun May 31 06:39:01 PM IST 2026
cron job executed at Sun May 31 06:40:01 PM IST 2026
cron job executed at Sun May 31 06:41:01 PM IST 2026
cron job executed at Sun May 31 06:42:01 PM IST 2026
cron job executed at Sun May 31 06:43:01 PM IST 2026
cron job executed at Sun May 31 06:44:01 PM IST 2026
cron job executed at Sun May 31 06:45:01 PM IST 2026
cron job executed at Sun May 31 06:46:01 PM IST 2026
cron job executed at Sun May 31 06:47:01 PM IST 2026
cron job executed at Sun May 31 06:48:01 PM IST 2026
cron job executed at Sun May 31 06:49:01 PM IST 2026
cron job executed at Sun May 31 06:50:01 PM IST 2026
cron job executed at Sun May 31 06:51:01 PM IST 2026
cron job executed at Sun May 31 06:52:01 PM IST 2026
cron job executed at Sun May 31 06:53:01 PM IST 2026
cron job executed at Sun May 31 06:54:01 PM IST 2026
cron job executed at Sun May 31 06:55:01 PM IST 2026
cron job executed at Sun May 31 06:56:01 PM IST 2026
cron job executed at Sun May 31 06:57:02 PM IST 2026
cron job executed at Sun May 31 06:58:01 PM IST 2026
cron job executed at Sun May 31 06:59:01 PM IST 2026
cron job executed at Sun May 31 07:00:01 PM IST 2026
cron job executed at Sun May 31 07:01:01 PM IST 2026
cron job executed at Sun May 31 07:02:01 PM IST 2026
cron job executed at Sun May 31 07:03:01 PM IST 2026
cron job executed at Sun May 31 07:04:01 PM IST 2026
cron job executed at Sun May 31 07:05:01 PM IST 2026
cron job executed at Sun May 31 07:06:01 PM IST 2026
cron job executed at Sun May 31 07:07:01 PM IST 2026
cron job executed at Sun May 31 07:08:01 PM IST 2026
cron job executed at Sun May 31 07:09:01 PM IST 2026
cron job executed at Sun May 31 07:10:01 PM IST 2026
cron job executed at Sun May 31 07:11:01 PM IST 2026
cron job executed at Sun May 31 07:12:01 PM IST 2026
cron job executed at Sun May 31 07:13:01 PM IST 2026
cron job executed at Sun May 31 07:14:01 PM IST 2026
cron job executed at Sun May 31 08:11:06 PM IST 2026
cron job executed at Sun May 31 08:12:01 PM IST 2026
cron job executed at Sun May 31 08:13:01 PM IST 2026
cron job executed at Sun May 31 08:14:01 PM IST 2026
cron job executed at Sun May 31 08:15:01 PM IST 2026
cron job executed at Sun May 31 08:16:01 PM IST 2026
cron job executed at Sun May 31 08:17:01 PM IST 2026
cron job executed at Sun May 31 08:18:01 PM IST 2026
cron job executed at Sun May 31 08:19:01 PM IST 2026
cron job executed at Sun May 31 08:20:01 PM IST 2026
cron job executed at Sun May 31 08:21:01 PM IST 2026
cron job executed at Sun May 31 08:22:01 PM IST 2026
cron job executed at Sun May 31 08:23:01 PM IST 2026
cron job executed at Sun May 31 08:24:01 PM IST 2026
cron job executed at Sun May 31 08:25:01 PM IST 2026
cron job executed at Sun May 31 08:26:01 PM IST 2026
cron job executed at Sun May 31 08:27:01 PM IST 2026
cron job executed at Sun May 31 08:28:01 PM IST 2026
cron job executed at Sun May 31 08:29:01 PM IST 2026
cron job executed at Sun May 31 08:30:01 PM IST 2026
cron job executed at Sun May 31 08:31:01 PM IST 2026
cron job executed at Sun May 31 08:32:01 PM IST 2026
cron job executed at Sun May 31 08:33:01 PM IST 2026
cron job executed at Sun May 31 08:34:01 PM IST 2026
cron job executed at Sun May 31 08:35:01 PM IST 2026
cron job executed at Sun May 31 08:36:01 PM IST 2026
cron job executed at Sun May 31 08:37:01 PM IST 2026
cron job executed at Sun May 31 08:38:01 PM IST 2026
cron job executed at Sun May 31 08:39:01 PM IST 2026
cron job executed at Sun May 31 08:40:01 PM IST 2026
cron job executed at Sun May 31 08:41:01 PM IST 2026
cron job executed at Sun May 31 08:42:01 PM IST 2026
cron job executed at Sun May 31 08:43:01 PM IST 2026
cron job executed at Sun May 31 08:44:01 PM IST 2026
cron job executed at Sun May 31 08:45:01 PM IST 2026
cron job executed at Sun May 31 08:46:01 PM IST 2026
cron job executed at Sun May 31 08:47:01 PM IST 2026
cron job executed at Sun May 31 08:48:02 PM IST 2026
cron job executed at Sun May 31 08:49:01 PM IST 2026
cron job executed at Sun May 31 08:50:01 PM IST 2026
cron job executed at Sun May 31 08:51:01 PM IST 2026
cron job executed at Sun May 31 08:52:01 PM IST 2026
cron job executed at Sun May 31 08:53:01 PM IST 2026
cron job executed at Sun May 31 08:54:01 PM IST 2026
cron job executed at Sun May 31 08:55:01 PM IST 2026
cron job executed at Sun May 31 08:56:01 PM IST 2026
cron job executed at Sun May 31 08:57:01 PM IST 2026
cron job executed at Sun May 31 08:58:01 PM IST 2026
cron job executed at Sun May 31 08:59:01 PM IST 2026
cron job executed at Sun May 31 09:00:01 PM IST 2026
